<?xml version="1.0" encoding="UTF-8"?>
<testsuite xmlns:xsi="http://www.w3.org/2001/XMLSchema-instance" xsi:noNamespaceSchemaLocation="https://maven.apache.org/surefire/maven-surefire-plugin/xsd/surefire-test-report.xsd" name="RPLSTest" time="0.16" tests="11" errors="0" skipped="0" failures="0">
  <properties>
[...]
</properties>
  <testcase name="testBothPlayedTrue" classname="RPLSTest" time="0.01"/>
  <testcase name="testAgainP1" classname="RPLSTest" time="0.001"/>
  <testcase name="testAgainP2" classname="RPLSTest" time="0.001"/>
  <testcase name="testScore" classname="RPLSTest" time="0.001"/>
  <testcase name="testDraw" classname="RPLSTest" time="0"/>
  <testcase name="testBothPlayedFalse" classname="RPLSTest" time="0"/>
  <testcase name="testBothPlayedFalse2" classname="RPLSTest" time="0.001"/>
  <testcase name="testP1Wins" classname="RPLSTest" time="0.001"/>
  <testcase name="testP2Wins" classname="RPLSTest" time="0"/>
  <testcase name="testUpdateP1" classname="RPLSTest" time="0.001"/>
  <testcase name="testUpdateP2" classname="RPLSTest" time="0"/>
</testsuite>